[2020-07-08T17:32:36.435] [DEBUG] cheese - login => username:张三,password:123
[2020-07-08T17:32:36.440] [DEBUG] cheese - 张三
[2020-07-08T17:32:36.494] [DEBUG] cheese - { Error: ER_NO_SUCH_TABLE: Table 'mydb.sp_manager' doesn't exist
    at Query.Sequence._packetToError (E:\BaiduNetdiskDownload\vue_api_server\vue_api_server\node_modules\mysql\lib\protocol\sequences\Sequence.js:47:14)
    at Query.ErrorPacket (E:\BaiduNetdiskDownload\vue_api_server\vue_api_server\node_modules\mysql\lib\protocol\sequences\Query.js:79:18)
    at Protocol._parsePacket (E:\BaiduNetdiskDownload\vue_api_server\vue_api_server\node_modules\mysql\lib\protocol\Protocol.js:291:23)
    at Parser._parsePacket (E:\BaiduNetdiskDownload\vue_api_server\vue_api_server\node_modules\mysql\lib\protocol\Parser.js:433:10)
    at Parser.write (E:\BaiduNetdiskDownload\vue_api_server\vue_api_server\node_modules\mysql\lib\protocol\Parser.js:43:10)
    at Protocol.write (E:\BaiduNetdiskDownload\vue_api_server\vue_api_server\node_modules\mysql\lib\protocol\Protocol.js:38:16)
    at Socket.<anonymous> (E:\BaiduNetdiskDownload\vue_api_server\vue_api_server\node_modules\mysql\lib\Connection.js:88:28)
    at Socket.<anonymous> (E:\BaiduNetdiskDownload\vue_api_server\vue_api_server\node_modules\mysql\lib\Connection.js:526:10)
    at Socket.emit (events.js:198:13)
    at addChunk (_stream_readable.js:288:12)
    at readableAddChunk (_stream_readable.js:269:11)
    at Socket.Readable.push (_stream_readable.js:224:10)
    at TCP.onStreamRead [as onread] (internal/stream_base_commons.js:94:17)
    --------------------
    at Protocol._enqueue (E:\BaiduNetdiskDownload\vue_api_server\vue_api_server\node_modules\mysql\lib\protocol\Protocol.js:144:48)
    at PoolConnection.query (E:\BaiduNetdiskDownload\vue_api_server\vue_api_server\node_modules\mysql\lib\Connection.js:198:25)
    at E:\BaiduNetdiskDownload\vue_api_server\vue_api_server\node_modules\orm\lib\Drivers\DML\mysql.js:231:9
    at Ping.onOperationComplete (E:\BaiduNetdiskDownload\vue_api_server\vue_api_server\node_modules\mysql\lib\Pool.js:110:5)
    at Ping.<anonymous> (E:\BaiduNetdiskDownload\vue_api_server\vue_api_server\node_modules\mysql\lib\Connection.js:526:10)
    at Ping._callback (E:\BaiduNetdiskDownload\vue_api_server\vue_api_server\node_modules\mysql\lib\Connection.js:488:16)
    at Ping.Sequence.end (E:\BaiduNetdiskDownload\vue_api_server\vue_api_server\node_modules\mysql\lib\protocol\sequences\Sequence.js:83:24)
    at Ping.Sequence.OkPacket (E:\BaiduNetdiskDownload\vue_api_server\vue_api_server\node_modules\mysql\lib\protocol\sequences\Sequence.js:92:8)
    at Protocol._parsePacket (E:\BaiduNetdiskDownload\vue_api_server\vue_api_server\node_modules\mysql\lib\protocol\Protocol.js:291:23)
    at Parser._parsePacket (E:\BaiduNetdiskDownload\vue_api_server\vue_api_server\node_modules\mysql\lib\protocol\Parser.js:433:10)
    at Parser.write (E:\BaiduNetdiskDownload\vue_api_server\vue_api_server\node_modules\mysql\lib\protocol\Parser.js:43:10)
    at Protocol.write (E:\BaiduNetdiskDownload\vue_api_server\vue_api_server\node_modules\mysql\lib\protocol\Protocol.js:38:16)
    at Socket.<anonymous> (E:\BaiduNetdiskDownload\vue_api_server\vue_api_server\node_modules\mysql\lib\Connection.js:88:28)
    at Socket.<anonymous> (E:\BaiduNetdiskDownload\vue_api_server\vue_api_server\node_modules\mysql\lib\Connection.js:526:10)
    at Socket.emit (events.js:198:13)
    at addChunk (_stream_readable.js:288:12)
  code: 'ER_NO_SUCH_TABLE',
  errno: 1146,
  sqlMessage: 'Table \'mydb.sp_manager\' doesn\'t exist',
  sqlState: '42S02',
  index: 0,
  sql:
   'SELECT `mg_id`, `mg_name`, `mg_pwd`, `mg_time`, `role_id`, `mg_mobile`, `mg_email`, `mg_state` FROM `sp_manager` WHERE `mg_name` = \'张三\' LIMIT 1' }
[2020-07-08T17:32:36.504] [DEBUG] cheese - 查询失败
[2020-07-08T17:33:20.123] [DEBUG] cheese - login => username:admin,password:123456
[2020-07-08T17:33:20.123] [DEBUG] cheese - admin
[2020-07-08T17:33:20.131] [DEBUG] cheese - { Error: ER_NO_SUCH_TABLE: Table 'mydb.sp_manager' doesn't exist
    at Query.Sequence._packetToError (E:\BaiduNetdiskDownload\vue_api_server\vue_api_server\node_modules\mysql\lib\protocol\sequences\Sequence.js:47:14)
    at Query.ErrorPacket (E:\BaiduNetdiskDownload\vue_api_server\vue_api_server\node_modules\mysql\lib\protocol\sequences\Query.js:79:18)
    at Protocol._parsePacket (E:\BaiduNetdiskDownload\vue_api_server\vue_api_server\node_modules\mysql\lib\protocol\Protocol.js:291:23)
    at Parser._parsePacket (E:\BaiduNetdiskDownload\vue_api_server\vue_api_server\node_modules\mysql\lib\protocol\Parser.js:433:10)
    at Parser.write (E:\BaiduNetdiskDownload\vue_api_server\vue_api_server\node_modules\mysql\lib\protocol\Parser.js:43:10)
    at Protocol.write (E:\BaiduNetdiskDownload\vue_api_server\vue_api_server\node_modules\mysql\lib\protocol\Protocol.js:38:16)
    at Socket.<anonymous> (E:\BaiduNetdiskDownload\vue_api_server\vue_api_server\node_modules\mysql\lib\Connection.js:88:28)
    at Socket.<anonymous> (E:\BaiduNetdiskDownload\vue_api_server\vue_api_server\node_modules\mysql\lib\Connection.js:526:10)
    at Socket.emit (events.js:198:13)
    at addChunk (_stream_readable.js:288:12)
    at readableAddChunk (_stream_readable.js:269:11)
    at Socket.Readable.push (_stream_readable.js:224:10)
    at TCP.onStreamRead [as onread] (internal/stream_base_commons.js:94:17)
    --------------------
    at Protocol._enqueue (E:\BaiduNetdiskDownload\vue_api_server\vue_api_server\node_modules\mysql\lib\protocol\Protocol.js:144:48)
    at PoolConnection.query (E:\BaiduNetdiskDownload\vue_api_server\vue_api_server\node_modules\mysql\lib\Connection.js:198:25)
    at E:\BaiduNetdiskDownload\vue_api_server\vue_api_server\node_modules\orm\lib\Drivers\DML\mysql.js:231:9
    at Ping.onOperationComplete (E:\BaiduNetdiskDownload\vue_api_server\vue_api_server\node_modules\mysql\lib\Pool.js:110:5)
    at Ping.<anonymous> (E:\BaiduNetdiskDownload\vue_api_server\vue_api_server\node_modules\mysql\lib\Connection.js:526:10)
    at Ping._callback (E:\BaiduNetdiskDownload\vue_api_server\vue_api_server\node_modules\mysql\lib\Connection.js:488:16)
    at Ping.Sequence.end (E:\BaiduNetdiskDownload\vue_api_server\vue_api_server\node_modules\mysql\lib\protocol\sequences\Sequence.js:83:24)
    at Ping.Sequence.OkPacket (E:\BaiduNetdiskDownload\vue_api_server\vue_api_server\node_modules\mysql\lib\protocol\sequences\Sequence.js:92:8)
    at Protocol._parsePacket (E:\BaiduNetdiskDownload\vue_api_server\vue_api_server\node_modules\mysql\lib\protocol\Protocol.js:291:23)
    at Parser._parsePacket (E:\BaiduNetdiskDownload\vue_api_server\vue_api_server\node_modules\mysql\lib\protocol\Parser.js:433:10)
    at Parser.write (E:\BaiduNetdiskDownload\vue_api_server\vue_api_server\node_modules\mysql\lib\protocol\Parser.js:43:10)
    at Protocol.write (E:\BaiduNetdiskDownload\vue_api_server\vue_api_server\node_modules\mysql\lib\protocol\Protocol.js:38:16)
    at Socket.<anonymous> (E:\BaiduNetdiskDownload\vue_api_server\vue_api_server\node_modules\mysql\lib\Connection.js:88:28)
    at Socket.<anonymous> (E:\BaiduNetdiskDownload\vue_api_server\vue_api_server\node_modules\mysql\lib\Connection.js:526:10)
    at Socket.emit (events.js:198:13)
    at addChunk (_stream_readable.js:288:12)
  code: 'ER_NO_SUCH_TABLE',
  errno: 1146,
  sqlMessage: 'Table \'mydb.sp_manager\' doesn\'t exist',
  sqlState: '42S02',
  index: 0,
  sql:
   'SELECT `mg_id`, `mg_name`, `mg_pwd`, `mg_time`, `role_id`, `mg_mobile`, `mg_email`, `mg_state` FROM `sp_manager` WHERE `mg_name` = \'admin\' LIMIT 1' }
[2020-07-08T17:33:20.132] [DEBUG] cheese - 查询失败
[2020-07-08T17:35:17.739] [DEBUG] cheese - login => username:root,password:123456
[2020-07-08T17:35:17.739] [DEBUG] cheese - root
[2020-07-08T17:35:17.743] [DEBUG] cheese - { Error: ER_NO_SUCH_TABLE: Table 'mydb.sp_manager' doesn't exist
    at Query.Sequence._packetToError (E:\BaiduNetdiskDownload\vue_api_server\vue_api_server\node_modules\mysql\lib\protocol\sequences\Sequence.js:47:14)
    at Query.ErrorPacket (E:\BaiduNetdiskDownload\vue_api_server\vue_api_server\node_modules\mysql\lib\protocol\sequences\Query.js:79:18)
    at Protocol._parsePacket (E:\BaiduNetdiskDownload\vue_api_server\vue_api_server\node_modules\mysql\lib\protocol\Protocol.js:291:23)
    at Parser._parsePacket (E:\BaiduNetdiskDownload\vue_api_server\vue_api_server\node_modules\mysql\lib\protocol\Parser.js:433:10)
    at Parser.write (E:\BaiduNetdiskDownload\vue_api_server\vue_api_server\node_modules\mysql\lib\protocol\Parser.js:43:10)
    at Protocol.write (E:\BaiduNetdiskDownload\vue_api_server\vue_api_server\node_modules\mysql\lib\protocol\Protocol.js:38:16)
    at Socket.<anonymous> (E:\BaiduNetdiskDownload\vue_api_server\vue_api_server\node_modules\mysql\lib\Connection.js:88:28)
    at Socket.<anonymous> (E:\BaiduNetdiskDownload\vue_api_server\vue_api_server\node_modules\mysql\lib\Connection.js:526:10)
    at Socket.emit (events.js:198:13)
    at addChunk (_stream_readable.js:288:12)
    at readableAddChunk (_stream_readable.js:269:11)
    at Socket.Readable.push (_stream_readable.js:224:10)
    at TCP.onStreamRead [as onread] (internal/stream_base_commons.js:94:17)
    --------------------
    at Protocol._enqueue (E:\BaiduNetdiskDownload\vue_api_server\vue_api_server\node_modules\mysql\lib\protocol\Protocol.js:144:48)
    at PoolConnection.query (E:\BaiduNetdiskDownload\vue_api_server\vue_api_server\node_modules\mysql\lib\Connection.js:198:25)
    at E:\BaiduNetdiskDownload\vue_api_server\vue_api_server\node_modules\orm\lib\Drivers\DML\mysql.js:231:9
    at Ping.onOperationComplete (E:\BaiduNetdiskDownload\vue_api_server\vue_api_server\node_modules\mysql\lib\Pool.js:110:5)
    at Ping.<anonymous> (E:\BaiduNetdiskDownload\vue_api_server\vue_api_server\node_modules\mysql\lib\Connection.js:526:10)
    at Ping._callback (E:\BaiduNetdiskDownload\vue_api_server\vue_api_server\node_modules\mysql\lib\Connection.js:488:16)
    at Ping.Sequence.end (E:\BaiduNetdiskDownload\vue_api_server\vue_api_server\node_modules\mysql\lib\protocol\sequences\Sequence.js:83:24)
    at Ping.Sequence.OkPacket (E:\BaiduNetdiskDownload\vue_api_server\vue_api_server\node_modules\mysql\lib\protocol\sequences\Sequence.js:92:8)
    at Protocol._parsePacket (E:\BaiduNetdiskDownload\vue_api_server\vue_api_server\node_modules\mysql\lib\protocol\Protocol.js:291:23)
    at Parser._parsePacket (E:\BaiduNetdiskDownload\vue_api_server\vue_api_server\node_modules\mysql\lib\protocol\Parser.js:433:10)
    at Parser.write (E:\BaiduNetdiskDownload\vue_api_server\vue_api_server\node_modules\mysql\lib\protocol\Parser.js:43:10)
    at Protocol.write (E:\BaiduNetdiskDownload\vue_api_server\vue_api_server\node_modules\mysql\lib\protocol\Protocol.js:38:16)
    at Socket.<anonymous> (E:\BaiduNetdiskDownload\vue_api_server\vue_api_server\node_modules\mysql\lib\Connection.js:88:28)
    at Socket.<anonymous> (E:\BaiduNetdiskDownload\vue_api_server\vue_api_server\node_modules\mysql\lib\Connection.js:526:10)
    at Socket.emit (events.js:198:13)
    at addChunk (_stream_readable.js:288:12)
  code: 'ER_NO_SUCH_TABLE',
  errno: 1146,
  sqlMessage: 'Table \'mydb.sp_manager\' doesn\'t exist',
  sqlState: '42S02',
  index: 0,
  sql:
   'SELECT `mg_id`, `mg_name`, `mg_pwd`, `mg_time`, `role_id`, `mg_mobile`, `mg_email`, `mg_state` FROM `sp_manager` WHERE `mg_name` = \'root\' LIMIT 1' }
[2020-07-08T17:35:17.743] [DEBUG] cheese - 查询失败
[2020-07-08T17:41:37.467] [DEBUG] cheese - login => username:admin,password:123456
[2020-07-08T17:41:37.467] [DEBUG] cheese - admin
[2020-07-08T17:41:37.473] [DEBUG] cheese - null
[2020-07-08T17:41:37.474] [DEBUG] cheese - null
[2020-07-08T21:41:37.005] [DEBUG] cheese - login => username:admin,password:123456
[2020-07-08T21:41:37.013] [DEBUG] cheese - admin
[2020-07-08T21:41:37.039] [DEBUG] cheese - null
[2020-07-08T21:41:37.039] [DEBUG] cheese - null
[2020-07-08T21:41:50.150] [DEBUG] cheese - login => username:yuki,password:123213
[2020-07-08T21:41:50.150] [DEBUG] cheese - yuki
[2020-07-08T21:41:50.154] [DEBUG] cheese - null
[2020-07-08T21:41:50.154] [DEBUG] cheese - null
[2020-07-08T21:43:17.524] [DEBUG] cheese - login => username:yuki,password:23213123
[2020-07-08T21:43:17.524] [DEBUG] cheese - yuki
[2020-07-08T21:43:17.529] [DEBUG] cheese - null
[2020-07-08T21:43:17.529] [DEBUG] cheese - null
[2020-07-08T21:45:57.111] [DEBUG] cheese - login => username:admin,password:123456
[2020-07-08T21:45:57.111] [DEBUG] cheese - admin
[2020-07-08T21:45:57.116] [DEBUG] cheese - null
[2020-07-08T21:45:57.116] [DEBUG] cheese - null
[2020-07-08T21:52:11.130] [DEBUG] cheese - login => username:admin,password:123456
[2020-07-08T21:52:11.130] [DEBUG] cheese - admin
[2020-07-08T21:52:11.134] [DEBUG] cheese - null
[2020-07-08T21:52:11.134] [DEBUG] cheese - null
[2020-07-08T21:52:16.018] [DEBUG] cheese - login => username:admin,password:12345623
[2020-07-08T21:52:16.019] [DEBUG] cheese - admin
[2020-07-08T21:52:16.024] [DEBUG] cheese - null
[2020-07-08T21:52:16.024] [DEBUG] cheese - null
[2020-07-08T22:00:14.880] [DEBUG] cheese - login => username:admin,password:123456
[2020-07-08T22:00:14.880] [DEBUG] cheese - admin
[2020-07-08T22:00:14.885] [DEBUG] cheese - null
[2020-07-08T22:00:14.885] [DEBUG] cheese - null
[2020-07-08T22:00:39.672] [DEBUG] cheese - login => username:admin,password:123456
[2020-07-08T22:00:39.672] [DEBUG] cheese - admin
[2020-07-08T22:00:39.677] [DEBUG] cheese - null
[2020-07-08T22:00:39.677] [DEBUG] cheese - null
[2020-07-08T22:00:47.215] [DEBUG] cheese - login => username:admin,password:123456
[2020-07-08T22:00:47.215] [DEBUG] cheese - admin
[2020-07-08T22:00:47.220] [DEBUG] cheese - null
[2020-07-08T22:00:47.220] [DEBUG] cheese - null
[2020-07-08T22:02:12.101] [DEBUG] cheese - login => username:admin,password:123456
[2020-07-08T22:02:12.102] [DEBUG] cheese - admin
[2020-07-08T22:02:12.107] [DEBUG] cheese - null
[2020-07-08T22:02:12.107] [DEBUG] cheese - null
[2020-07-08T22:04:41.944] [DEBUG] cheese - login => username:admin,password:123456
[2020-07-08T22:04:41.945] [DEBUG] cheese - admin
[2020-07-08T22:04:41.948] [DEBUG] cheese - null
[2020-07-08T22:04:41.948] [DEBUG] cheese - null
[2020-07-08T22:18:10.506] [DEBUG] cheese - login => username:admin,password:123456
[2020-07-08T22:18:10.506] [DEBUG] cheese - admin
[2020-07-08T22:18:10.514] [DEBUG] cheese - null
[2020-07-08T22:18:10.514] [DEBUG] cheese - null
[2020-07-09T02:06:39.448] [DEBUG] cheese - login => username:admin,password:123456
[2020-07-09T02:06:39.450] [DEBUG] cheese - admin
[2020-07-09T02:06:39.468] [DEBUG] cheese - null
[2020-07-09T02:06:39.468] [DEBUG] cheese - null
[2020-07-09T02:26:02.545] [DEBUG] cheese - login => username:admin,password:123456
[2020-07-09T02:26:02.546] [DEBUG] cheese - admin
[2020-07-09T02:26:02.556] [DEBUG] cheese - null
[2020-07-09T02:26:02.557] [DEBUG] cheese - null
[2020-07-09T10:54:28.592] [DEBUG] cheese - login => username:admin,password:123456
[2020-07-09T10:54:28.594] [DEBUG] cheese - admin
[2020-07-09T10:54:28.619] [DEBUG] cheese - null
[2020-07-09T10:54:28.620] [DEBUG] cheese - null
[2020-07-09T12:16:16.718] [DEBUG] cheese - login => username:admin,password:123456
[2020-07-09T12:16:16.720] [DEBUG] cheese - admin
[2020-07-09T12:16:16.751] [DEBUG] cheese - null
[2020-07-09T12:16:16.751] [DEBUG] cheese - null
[2020-07-09T14:24:59.854] [DEBUG] cheese - login => username:admin,password:123456
[2020-07-09T14:24:59.856] [DEBUG] cheese - admin
[2020-07-09T14:24:59.886] [DEBUG] cheese - null
[2020-07-09T14:24:59.886] [DEBUG] cheese - null
[2020-07-09T14:27:29.898] [DEBUG] cheese - login => username:admin,password:123456
[2020-07-09T14:27:29.898] [DEBUG] cheese - admin
[2020-07-09T14:27:29.902] [DEBUG] cheese - null
[2020-07-09T14:27:29.902] [DEBUG] cheese - null
[2020-07-09T15:05:03.575] [DEBUG] cheese - login => username:admin,password:123456
[2020-07-09T15:05:03.577] [DEBUG] cheese - admin
[2020-07-09T15:05:03.589] [DEBUG] cheese - null
[2020-07-09T15:05:03.589] [DEBUG] cheese - null
[2020-07-09T15:28:20.704] [DEBUG] cheese - login => username:admin,password:123456
[2020-07-09T15:28:20.705] [DEBUG] cheese - admin
[2020-07-09T15:28:20.715] [DEBUG] cheese - null
[2020-07-09T15:28:20.716] [DEBUG] cheese - null
[2020-07-09T15:30:10.856] [DEBUG] cheese - login => username:admin,password:123456
[2020-07-09T15:30:10.856] [DEBUG] cheese - admin
[2020-07-09T15:30:10.862] [DEBUG] cheese - null
[2020-07-09T15:30:10.862] [DEBUG] cheese - null
[2020-07-09T23:03:56.341] [DEBUG] cheese - login => username:admin,password:123456
[2020-07-09T23:03:56.341] [DEBUG] cheese - admin
[2020-07-09T23:03:56.346] [DEBUG] cheese - null
[2020-07-09T23:03:56.346] [DEBUG] cheese - null
[2020-07-10T14:59:40.627] [DEBUG] cheese - login => username:admin,password:123456
[2020-07-10T14:59:40.628] [DEBUG] cheese - admin
[2020-07-10T14:59:40.635] [DEBUG] cheese - null
[2020-07-10T14:59:40.635] [DEBUG] cheese - null
[2020-07-10T15:06:05.319] [DEBUG] cheese - login => username:admin,password:123456
[2020-07-10T15:06:05.320] [DEBUG] cheese - admin
[2020-07-10T15:06:05.326] [DEBUG] cheese - null
[2020-07-10T15:06:05.326] [DEBUG] cheese - null
[2020-07-10T15:06:27.461] [DEBUG] cheese - login => username:admin,password:123456
[2020-07-10T15:06:27.461] [DEBUG] cheese - admin
[2020-07-10T15:06:27.466] [DEBUG] cheese - null
[2020-07-10T15:06:27.466] [DEBUG] cheese - null
[2020-07-10T15:36:43.144] [DEBUG] cheese - null
[2020-07-10T15:37:00.116] [DEBUG] cheese - null
[2020-07-10T15:37:36.139] [DEBUG] cheese - null
[2020-07-10T15:40:29.882] [DEBUG] cheese - null
[2020-07-10T15:40:39.537] [DEBUG] cheese - null
[2020-07-10T15:40:44.475] [DEBUG] cheese - null
[2020-07-10T16:25:08.541] [DEBUG] cheese - login => username:admin,password:123456
[2020-07-10T16:25:08.542] [DEBUG] cheese - admin
[2020-07-10T16:25:08.547] [DEBUG] cheese - null
[2020-07-10T16:25:08.547] [DEBUG] cheese - null
[2020-07-10T19:34:40.106] [DEBUG] cheese - login => username:admin,password:123456
[2020-07-10T19:34:40.108] [DEBUG] cheese - admin
[2020-07-10T19:34:40.117] [DEBUG] cheese - null
[2020-07-10T19:34:40.117] [DEBUG] cheese - null
[2020-07-10T20:09:52.027] [DEBUG] cheese - login => username:admin,password:123456
[2020-07-10T20:09:52.027] [DEBUG] cheese - admin
[2020-07-10T20:09:52.029] [DEBUG] cheese - null
[2020-07-10T20:09:52.030] [DEBUG] cheese - null
[2020-07-10T23:03:42.147] [DEBUG] cheese - null
